<?xml version="1.0" encoding="UTF-8"?>
<!-- Generated by org.testng.reporters.JUnitReportReporter -->
<testsuite skipped="1" hostname="DESKTOP-3GI83JR" name="steps.RunnerFile" tests="2" failures="0" timestamp="2020-07-01T09:17:27 EDT" time="7.186" errors="1">
  <testcase name="runScenario" time="7.186" classname="steps.RunnerFile">
    <error type="org.openqa.selenium.SessionNotCreatedException" message="session not created: This version of ChromeDriver only supports Chrome version 81
Build info: version: &#039;4.0.0-alpha-4&#039;, revision: &#039;c2d955b49e&#039;
System info: host: &#039;DESKTOP-3GI83JR&#039;, ip: &#039;192.168.1.19&#039;, os.name: &#039;Windows 10&#039;, os.arch: &#039;amd64&#039;, os.version: &#039;10.0&#039;, java.version: &#039;1.8.0_251&#039;
Driver info: driver.version: ChromeDriver
remote stacktrace: Backtrace:
	Ordinal0 [0x00545F73+2449267]
	Ordinal0 [0x00478361+1606497]
	Ordinal0 [0x0036F969+522601]
	Ordinal0 [0x003005F3+67059]
	Ordinal0 [0x002FCD92+52626]
	Ordinal0 [0x0031C127+180519]
	Ordinal0 [0x0031BF2D+180013]
	Ordinal0 [0x00319E5B+171611]
	Ordinal0 [0x00301DD8+73176]
	Ordinal0 [0x00302E50+77392]
	Ordinal0 [0x00302DE9+77289]
	Ordinal0 [0x0048D8D7+1693911]
	GetHandleVerifier [0x005E4036+522726]
	GetHandleVerifier [0x005E3D74+522020]
	GetHandleVerifier [0x005F9187+609079]
	GetHandleVerifier [0x005E48A6+524886]
	Ordinal0 [0x00485CBC+1662140]
	Ordinal0 [0x0048F23B+1700411]
	Ordinal0 [0x0048F3A3+1700771]
	Ordinal0 [0x004A5215+1790485]
	BaseThreadInitThunk [0x775C6359+25]
	RtlGetAppContainerNamedObjectPath [0x77767C24+228]
	RtlGetAppContainerNamedObjectPath [0x77767BF4+180]
">
      <![CDATA[org.openqa.selenium.SessionNotCreatedException: session not created: This version of ChromeDriver only supports Chrome version 81
Build info: version: '4.0.0-alpha-4', revision: 'c2d955b49e'
System info: host: 'DESKTOP-3GI83JR', ip: '192.168.1.19', os.name: 'Windows 10', os.arch: 'amd64', os.version: '10.0', java.version: '1.8.0_251'
Driver info: driver.version: ChromeDriver
remote stacktrace: Backtrace:
Ordinal0 [0x00545F73+2449267]
Ordinal0 [0x00478361+1606497]
Ordinal0 [0x0036F969+522601]
Ordinal0 [0x003005F3+67059]
Ordinal0 [0x002FCD92+52626]
Ordinal0 [0x0031C127+180519]
Ordinal0 [0x0031BF2D+180013]
Ordinal0 [0x00319E5B+171611]
Ordinal0 [0x00301DD8+73176]
Ordinal0 [0x00302E50+77392]
Ordinal0 [0x00302DE9+77289]
Ordinal0 [0x0048D8D7+1693911]
GetHandleVerifier [0x005E4036+522726]
GetHandleVerifier [0x005E3D74+522020]
GetHandleVerifier [0x005F9187+609079]
GetHandleVerifier [0x005E48A6+524886]
Ordinal0 [0x00485CBC+1662140]
Ordinal0 [0x0048F23B+1700411]
Ordinal0 [0x0048F3A3+1700771]
Ordinal0 [0x004A5215+1790485]
BaseThreadInitThunk [0x775C6359+25]
RtlGetAppContainerNamedObjectPath [0x77767C24+228]
RtlGetAppContainerNamedObjectPath [0x77767BF4+180]

at sun.reflect.NativeConstructorAccessorImpl.newInstance0(Native Method)
at sun.reflect.NativeConstructorAccessorImpl.newInstance(Unknown Source)
at sun.reflect.DelegatingConstructorAccessorImpl.newInstance(Unknown Source)
at java.lang.reflect.Constructor.newInstance(Unknown Source)
at org.openqa.selenium.remote.W3CHandshakeResponse.lambda$errorHandler$0(W3CHandshakeResponse.java:62)
at org.openqa.selenium.remote.HandshakeResponse.lambda$getResponseFunction$0(HandshakeResponse.java:30)
at org.openqa.selenium.remote.ProtocolHandshake.lambda$createSession$1(ProtocolHandshake.java:126)
at java.util.stream.ReferencePipeline$3$1.accept(Unknown Source)
at java.util.Spliterators$ArraySpliterator.tryAdvance(Unknown Source)
at java.util.stream.ReferencePipeline.forEachWithCancel(Unknown Source)
at java.util.stream.AbstractPipeline.copyIntoWithCancel(Unknown Source)
at java.util.stream.AbstractPipeline.copyInto(Unknown Source)
at java.util.stream.AbstractPipeline.wrapAndCopyInto(Unknown Source)
at java.util.stream.FindOps$FindOp.evaluateSequential(Unknown Source)
at java.util.stream.AbstractPipeline.evaluate(Unknown Source)
at java.util.stream.ReferencePipeline.findFirst(Unknown Source)
at org.openqa.selenium.remote.ProtocolHandshake.createSession(ProtocolHandshake.java:128)
at org.openqa.selenium.remote.ProtocolHandshake.createSession(ProtocolHandshake.java:75)
at org.openqa.selenium.remote.HttpCommandExecutor.execute(HttpCommandExecutor.java:139)
at org.openqa.selenium.remote.service.DriverCommandExecutor.execute(DriverCommandExecutor.java:83)
at org.openqa.selenium.remote.RemoteWebDriver.execute(RemoteWebDriver.java:582)
at org.openqa.selenium.remote.RemoteWebDriver.startSession(RemoteWebDriver.java:216)
at org.openqa.selenium.remote.RemoteWebDriver.<init>(RemoteWebDriver.java:136)
at org.openqa.selenium.chromium.ChromiumDriver.<init>(ChromiumDriver.java:75)
at org.openqa.selenium.chrome.ChromeDriver.<init>(ChromeDriver.java:163)
at org.openqa.selenium.chrome.ChromeDriver.<init>(ChromeDriver.java:150)
at org.openqa.selenium.chrome.ChromeDriver.<init>(ChromeDriver.java:105)
at steps.LoginTest.launchChromeBrowserAndLoadUrl(LoginTest.java:19)
at âœ½.Launch chrome browser and load url(file:src/test/java/features/editLead.feature:5)
]]>
    </error>
  </testcase> <!-- runScenario -->
  <testcase name="runScenario" time="0.000" classname="steps.RunnerFile">
    <skipped/>
  </testcase> <!-- runScenario -->
</testsuite> <!-- steps.RunnerFile -->
